2022-07-28 12:23:38,737 [Worker-0: Loading available Gradle versions] INFO  o.e.b.c.i.u.g.PublishedGradleVersions - Gradle version information cache is up-to-date. Trying to read.
2022-07-28 12:26:38,684 [Worker-22: Building] INFO  o.e.m.c.i.l.LifecycleMappingFactory - Using org.eclipse.m2e.jdt.JarLifecycleMapping lifecycle mapping for MavenProject: com.jocata:HRMSCommonUtils:0.0.1-SNAPSHOT @ C:\Users\dell\OneDrive\Desktop\New folder\HMRSCommonUtils\HMRSCommonUtils\pom.xml.
2022-07-28 12:26:48,252 [Worker-22: Building] INFO  o.e.m.c.i.e.AbstractTransferListenerAdapter - Downloading https://repo.maven.apache.org/maven2/org/projectlombok/lombok/1.18.24/lombok-1.18.24.pom
2022-07-28 12:26:48,622 [Worker-22: Building] INFO  o.e.m.c.i.e.AbstractTransferListenerAdapter - Downloaded https://repo.maven.apache.org/maven2/org/projectlombok/lombok/1.18.24/lombok-1.18.24.pom
2022-07-28 12:26:51,274 [Worker-22: Building] INFO  o.e.m.c.i.e.AbstractTransferListenerAdapter - Downloading https://repo.maven.apache.org/maven2/org/projectlombok/lombok/1.18.24/lombok-1.18.24.jar
2022-07-28 12:26:53,242 [Worker-22: Building] INFO  o.e.m.c.i.e.AbstractTransferListenerAdapter - Downloaded https://repo.maven.apache.org/maven2/org/projectlombok/lombok/1.18.24/lombok-1.18.24.jar
2022-07-28 12:27:08,874 [Worker-20: Download sources and javadoc] INFO  o.e.m.c.i.e.AbstractTransferListenerAdapter - Downloading https://repo.maven.apache.org/maven2/org/projectlombok/lombok/1.18.24/lombok-1.18.24-sources.jar
2022-07-28 12:27:09,990 [Worker-20: Download sources and javadoc] INFO  o.e.m.c.i.e.AbstractTransferListenerAdapter - Downloaded https://repo.maven.apache.org/maven2/org/projectlombok/lombok/1.18.24/lombok-1.18.24-sources.jar
2022-07-28 12:27:10,004 [Worker-20: Download sources and javadoc] INFO  o.e.m.j.internal.DownloadSourcesJob - Downloaded sources for org.projectlombok:lombok:1.18.24
2022-07-28 12:27:11,087 [Worker-22: Building] INFO  o.e.m.c.i.embedder.EclipseLogger - Using 'UTF-8' encoding to copy filtered resources.
2022-07-28 12:27:11,088 [Worker-22: Building] INFO  o.e.m.c.i.embedder.EclipseLogger - Using 'UTF-8' encoding to copy filtered properties files.
2022-07-28 12:27:11,101 [Worker-22: Building] INFO  o.e.m.c.i.embedder.EclipseLogger - Copying 1 resource
2022-07-28 12:27:11,183 [Worker-22: Building] INFO  o.e.m.c.i.embedder.EclipseLogger - Copying 0 resource
2022-07-28 12:27:11,415 [Worker-22: Building] INFO  o.e.m.c.i.embedder.EclipseLogger - Using 'UTF-8' encoding to copy filtered resources.
2022-07-28 12:27:11,415 [Worker-22: Building] INFO  o.e.m.c.i.embedder.EclipseLogger - Using 'UTF-8' encoding to copy filtered properties files.
2022-07-28 12:27:11,416 [Worker-22: Building] INFO  o.e.m.c.i.embedder.EclipseLogger - skip non existing resourceDirectory C:\Users\dell\OneDrive\Desktop\New folder\HMRSCommonUtils\HMRSCommonUtils\src\test\resources
2022-07-28 12:27:11,417 [Worker-25: Updating Maven Dependencies] INFO  o.e.m.c.i.l.LifecycleMappingFactory - Using org.eclipse.m2e.jdt.JarLifecycleMapping lifecycle mapping for MavenProject: com.jocata:HRMSCommonUtils:0.0.1-SNAPSHOT @ C:\Users\dell\OneDrive\Desktop\New folder\HMRSCommonUtils\HMRSCommonUtils\pom.xml.
2022-07-28 12:27:17,779 [Worker-3: Building] INFO  o.e.m.c.i.embedder.EclipseLogger - Using 'UTF-8' encoding to copy filtered resources.
2022-07-28 12:27:17,780 [Worker-3: Building] INFO  o.e.m.c.i.embedder.EclipseLogger - Using 'UTF-8' encoding to copy filtered properties files.
2022-07-28 12:27:17,784 [Worker-3: Building] INFO  o.e.m.c.i.embedder.EclipseLogger - Copying 0 resource
2022-07-28 12:27:17,786 [Worker-3: Building] INFO  o.e.m.c.i.embedder.EclipseLogger - Copying 0 resource
2022-07-28 12:27:17,796 [Worker-3: Building] INFO  o.e.m.c.i.embedder.EclipseLogger - Using 'UTF-8' encoding to copy filtered resources.
2022-07-28 12:27:17,796 [Worker-3: Building] INFO  o.e.m.c.i.embedder.EclipseLogger - Using 'UTF-8' encoding to copy filtered properties files.
2022-07-28 12:27:17,797 [Worker-3: Building] INFO  o.e.m.c.i.embedder.EclipseLogger - skip non existing resourceDirectory C:\Users\dell\OneDrive\Desktop\New folder\HMRSCommonUtils\HMRSCommonUtils\src\test\resources
2022-07-28 12:27:33,488 [Worker-22: Building] INFO  o.e.m.c.i.l.LifecycleMappingFactory - Using org.eclipse.m2e.jdt.JarLifecycleMapping lifecycle mapping for MavenProject: com.jocata:HMRSController:0.0.1-SNAPSHOT @ C:\Users\dell\OneDrive\Desktop\New folder\HMRSController\pom.xml.
2022-07-28 12:27:35,202 [Worker-22: Building] WARN  o.e.m.c.i.embedder.EclipseLogger - The POM for com.jocata:HMRSDataLoader:jar:0.0.1-SNAPSHOT is missing, no dependency information available
2022-07-28 12:27:35,943 [Worker-22: Building] INFO  o.e.m.c.i.e.AbstractTransferListenerAdapter - Downloading https://repo.maven.apache.org/maven2/commons-fileupload/commons-fileupload/1.3/commons-fileupload-1.3.pom
2022-07-28 12:27:36,262 [Worker-22: Building] INFO  o.e.m.c.i.e.AbstractTransferListenerAdapter - Downloaded https://repo.maven.apache.org/maven2/commons-fileupload/commons-fileupload/1.3/commons-fileupload-1.3.pom
2022-07-28 12:27:36,435 [Worker-22: Building] INFO  o.e.m.c.i.e.AbstractTransferListenerAdapter - Downloading https://repo.maven.apache.org/maven2/org/apache/commons/commons-parent/28/commons-parent-28.pom
2022-07-28 12:27:36,795 [Worker-22: Building] INFO  o.e.m.c.i.e.AbstractTransferListenerAdapter - Downloaded https://repo.maven.apache.org/maven2/org/apache/commons/commons-parent/28/commons-parent-28.pom
2022-07-28 12:27:36,985 [Worker-22: Building] INFO  o.e.m.c.i.e.AbstractTransferListenerAdapter - Downloading https://repo.maven.apache.org/maven2/commons-io/commons-io/2.2/commons-io-2.2.pom
2022-07-28 12:27:37,177 [Worker-22: Building] INFO  o.e.m.c.i.e.AbstractTransferListenerAdapter - Downloaded https://repo.maven.apache.org/maven2/commons-io/commons-io/2.2/commons-io-2.2.pom
2022-07-28 12:27:37,368 [Worker-22: Building] INFO  o.e.m.c.i.e.AbstractTransferListenerAdapter - Downloading https://repo.maven.apache.org/maven2/org/apache/commons/commons-parent/24/commons-parent-24.pom
2022-07-28 12:27:37,592 [Worker-22: Building] INFO  o.e.m.c.i.e.AbstractTransferListenerAdapter - Downloaded https://repo.maven.apache.org/maven2/org/apache/commons/commons-parent/24/commons-parent-24.pom
2022-07-28 12:27:37,963 [Worker-22: Building] INFO  o.e.m.c.i.p.WorkspaceClassifierResolverManager - Resolving P/HRMSCommonUtils: com.jocata:HRMSCommonUtils:0.0.1-SNAPSHOT with classifier  to /HRMSCommonUtils/target/classes
2022-07-28 12:27:38,156 [AetherRepositoryConnector-repo.maven.apache.org-0-1] INFO  o.e.m.c.i.e.AbstractTransferListenerAdapter - Downloading https://repo.maven.apache.org/maven2/commons-io/commons-io/2.2/commons-io-2.2.jar
2022-07-28 12:27:38,340 [AetherRepositoryConnector-repo.maven.apache.org-0-0] INFO  o.e.m.c.i.e.AbstractTransferListenerAdapter - Downloading https://repo.maven.apache.org/maven2/commons-fileupload/commons-fileupload/1.3/commons-fileupload-1.3.jar
2022-07-28 12:27:38,550 [AetherRepositoryConnector-repo.maven.apache.org-0-1] INFO  o.e.m.c.i.e.AbstractTransferListenerAdapter - Downloaded https://repo.maven.apache.org/maven2/commons-io/commons-io/2.2/commons-io-2.2.jar
2022-07-28 12:27:38,697 [AetherRepositoryConnector-repo.maven.apache.org-0-0] INFO  o.e.m.c.i.e.AbstractTransferListenerAdapter - Downloaded https://repo.maven.apache.org/maven2/commons-fileupload/commons-fileupload/1.3/commons-fileupload-1.3.jar
2022-07-28 12:27:39,841 [Worker-22: Building] INFO  o.e.m.c.i.embedder.EclipseLogger - Using 'UTF-8' encoding to copy filtered resources.
2022-07-28 12:27:39,842 [Worker-22: Building] INFO  o.e.m.c.i.embedder.EclipseLogger - Using 'UTF-8' encoding to copy filtered properties files.
2022-07-28 12:27:39,844 [Worker-22: Building] INFO  o.e.m.c.i.embedder.EclipseLogger - Copying 1 resource
2022-07-28 12:27:39,875 [Worker-22: Building] INFO  o.e.m.c.i.embedder.EclipseLogger - Copying 0 resource
2022-07-28 12:27:39,884 [Worker-22: Building] INFO  o.e.m.c.i.embedder.EclipseLogger - Using 'UTF-8' encoding to copy filtered resources.
2022-07-28 12:27:39,884 [Worker-22: Building] INFO  o.e.m.c.i.embedder.EclipseLogger - Using 'UTF-8' encoding to copy filtered properties files.
2022-07-28 12:27:39,885 [Worker-22: Building] INFO  o.e.m.c.i.embedder.EclipseLogger - skip non existing resourceDirectory C:\Users\dell\OneDrive\Desktop\New folder\HMRSController\src\test\resources
2022-07-28 12:27:43,201 [Worker-3: Updating Maven Dependencies] INFO  o.e.m.c.i.l.LifecycleMappingFactory - Using org.eclipse.m2e.jdt.JarLifecycleMapping lifecycle mapping for MavenProject: com.jocata:HMRSController:0.0.1-SNAPSHOT @ C:\Users\dell\OneDrive\Desktop\New folder\HMRSController\pom.xml.
2022-07-28 12:27:43,850 [Worker-16: Download sources and javadoc] WARN  o.e.m.c.i.embedder.EclipseLogger - The POM for com.jocata:HMRSDataLoader:jar:0.0.1-SNAPSHOT is missing, no dependency information available
2022-07-28 12:27:44,679 [Worker-16: Download sources and javadoc] INFO  o.e.m.c.i.p.WorkspaceClassifierResolverManager - Resolving P/HRMSCommonUtils: com.jocata:HRMSCommonUtils:0.0.1-SNAPSHOT with classifier  to /HRMSCommonUtils/target/classes
2022-07-28 12:27:44,758 [Worker-16: Download sources and javadoc] ERROR o.e.m.j.internal.DownloadSourcesJob - Could not download sources for com.jocata:HMRSDataLoader:0.0.1-SNAPSHOT
org.eclipse.core.runtime.CoreException: Could not resolve artifact com.jocata:HMRSDataLoader:jar:sources:0.0.1-SNAPSHOT
	at org.eclipse.m2e.core.internal.embedder.MavenImpl.lambda$4(MavenImpl.java:804)
	at org.eclipse.m2e.core.internal.embedder.MavenExecutionContext.executeBare(MavenExecutionContext.java:179)
	at org.eclipse.m2e.core.internal.embedder.MavenExecutionContext.execute(MavenExecutionContext.java:114)
	at org.eclipse.m2e.core.internal.embedder.MavenExecutionContext.execute(MavenExecutionContext.java:101)
	at org.eclipse.m2e.core.internal.embedder.MavenImpl.resolve(MavenImpl.java:772)
	at org.eclipse.m2e.core.internal.embedder.MavenImpl.resolve(MavenImpl.java:749)
	at org.eclipse.m2e.jdt.internal.DownloadSourcesJob.download(DownloadSourcesJob.java:330)
	at org.eclipse.m2e.jdt.internal.DownloadSourcesJob.downloadAttachments(DownloadSourcesJob.java:304)
	at org.eclipse.m2e.jdt.internal.DownloadSourcesJob.downloadMaven(DownloadSourcesJob.java:269)
	at org.eclipse.m2e.jdt.internal.DownloadSourcesJob.downloadFilesAndPopulateToUpdate(DownloadSourcesJob.java:233)
	at org.eclipse.m2e.jdt.internal.DownloadSourcesJob.lambda$0(DownloadSourcesJob.java:161)
	at org.eclipse.m2e.core.internal.embedder.MavenExecutionContext.executeBare(MavenExecutionContext.java:179)
	at org.eclipse.m2e.core.internal.embedder.MavenExecutionContext.execute(MavenExecutionContext.java:153)
	at org.eclipse.m2e.core.internal.embedder.MavenExecutionContext.execute(MavenExecutionContext.java:101)
	at org.eclipse.m2e.core.internal.embedder.MavenImpl.execute(MavenImpl.java:1374)
	at org.eclipse.m2e.jdt.internal.DownloadSourcesJob.run(DownloadSourcesJob.java:161)
	at org.eclipse.core.internal.jobs.Worker.run(Worker.java:63)
2022-07-28 12:27:45,099 [Worker-3: Updating Maven Dependencies] WARN  o.e.m.c.i.embedder.EclipseLogger - The POM for com.jocata:HMRSDataLoader:jar:0.0.1-SNAPSHOT is missing, no dependency information available
2022-07-28 12:27:45,422 [Worker-16: Download sources and javadoc] INFO  o.e.m.c.i.e.AbstractTransferListenerAdapter - Downloading https://repo.maven.apache.org/maven2/commons-fileupload/commons-fileupload/1.3/commons-fileupload-1.3-sources.jar
2022-07-28 12:27:45,784 [Worker-3: Updating Maven Dependencies] INFO  o.e.m.c.i.p.WorkspaceClassifierResolverManager - Resolving P/HRMSCommonUtils: com.jocata:HRMSCommonUtils:0.0.1-SNAPSHOT with classifier  to /HRMSCommonUtils/target/classes
2022-07-28 12:27:45,861 [Worker-16: Download sources and javadoc] INFO  o.e.m.c.i.e.AbstractTransferListenerAdapter - Downloaded https://repo.maven.apache.org/maven2/commons-fileupload/commons-fileupload/1.3/commons-fileupload-1.3-sources.jar
2022-07-28 12:27:45,880 [Worker-16: Download sources and javadoc] INFO  o.e.m.j.internal.DownloadSourcesJob - Downloaded sources for commons-fileupload:commons-fileupload:1.3
2022-07-28 12:27:46,755 [Worker-16: Download sources and javadoc] INFO  o.e.m.c.i.e.AbstractTransferListenerAdapter - Downloading https://repo.maven.apache.org/maven2/commons-io/commons-io/2.2/commons-io-2.2-sources.jar
2022-07-28 12:27:47,538 [Worker-16: Download sources and javadoc] INFO  o.e.m.c.i.e.AbstractTransferListenerAdapter - Downloaded https://repo.maven.apache.org/maven2/commons-io/commons-io/2.2/commons-io-2.2-sources.jar
2022-07-28 12:27:47,555 [Worker-16: Download sources and javadoc] INFO  o.e.m.j.internal.DownloadSourcesJob - Downloaded sources for commons-io:commons-io:2.2
2022-07-28 12:27:51,936 [Worker-16: Download sources and javadoc] WARN  o.e.m.c.i.embedder.EclipseLogger - The POM for com.jocata:HMRSDataLoader:jar:0.0.1-SNAPSHOT is missing, no dependency information available
2022-07-28 12:27:52,564 [Worker-16: Download sources and javadoc] INFO  o.e.m.c.i.p.WorkspaceClassifierResolverManager - Resolving P/HRMSCommonUtils: com.jocata:HRMSCommonUtils:0.0.1-SNAPSHOT with classifier  to /HRMSCommonUtils/target/classes
2022-07-28 12:27:55,238 [Worker-3: Building] INFO  o.e.m.c.i.embedder.EclipseLogger - Using 'UTF-8' encoding to copy filtered resources.
2022-07-28 12:27:55,239 [Worker-3: Building] INFO  o.e.m.c.i.embedder.EclipseLogger - Using 'UTF-8' encoding to copy filtered properties files.
2022-07-28 12:27:55,240 [Worker-3: Building] INFO  o.e.m.c.i.embedder.EclipseLogger - Copying 0 resource
2022-07-28 12:27:55,241 [Worker-3: Building] INFO  o.e.m.c.i.embedder.EclipseLogger - Copying 0 resource
2022-07-28 12:27:55,248 [Worker-3: Building] INFO  o.e.m.c.i.embedder.EclipseLogger - Using 'UTF-8' encoding to copy filtered resources.
2022-07-28 12:27:55,249 [Worker-3: Building] INFO  o.e.m.c.i.embedder.EclipseLogger - Using 'UTF-8' encoding to copy filtered properties files.
2022-07-28 12:27:55,249 [Worker-3: Building] INFO  o.e.m.c.i.embedder.EclipseLogger - skip non existing resourceDirectory C:\Users\dell\OneDrive\Desktop\New folder\HMRSController\src\test\resources
2022-07-28 12:27:55,628 [Worker-3: Download sources and javadoc] ERROR o.e.m.j.internal.DownloadSourcesJob - Could not download javadoc for com.jocata:HMRSDataLoader:0.0.1-SNAPSHOT
org.eclipse.core.runtime.CoreException: Could not resolve artifact com.jocata:HMRSDataLoader:jar:javadoc:0.0.1-SNAPSHOT
	at org.eclipse.m2e.core.internal.embedder.MavenImpl.lambda$4(MavenImpl.java:804)
	at org.eclipse.m2e.core.internal.embedder.MavenExecutionContext.executeBare(MavenExecutionContext.java:179)
	at org.eclipse.m2e.core.internal.embedder.MavenExecutionContext.execute(MavenExecutionContext.java:114)
	at org.eclipse.m2e.core.internal.embedder.MavenExecutionContext.execute(MavenExecutionContext.java:101)
	at org.eclipse.m2e.core.internal.embedder.MavenImpl.resolve(MavenImpl.java:772)
	at org.eclipse.m2e.core.internal.embedder.MavenImpl.resolve(MavenImpl.java:749)
	at org.eclipse.m2e.jdt.internal.DownloadSourcesJob.download(DownloadSourcesJob.java:330)
	at org.eclipse.m2e.jdt.internal.DownloadSourcesJob.downloadAttachments(DownloadSourcesJob.java:316)
	at org.eclipse.m2e.jdt.internal.DownloadSourcesJob.downloadMaven(DownloadSourcesJob.java:269)
	at org.eclipse.m2e.jdt.internal.DownloadSourcesJob.downloadFilesAndPopulateToUpdate(DownloadSourcesJob.java:233)
	at org.eclipse.m2e.jdt.internal.DownloadSourcesJob.lambda$0(DownloadSourcesJob.java:161)
	at org.eclipse.m2e.core.internal.embedder.MavenExecutionContext.executeBare(MavenExecutionContext.java:179)
	at org.eclipse.m2e.core.internal.embedder.MavenExecutionContext.execute(MavenExecutionContext.java:153)
	at org.eclipse.m2e.core.internal.embedder.MavenExecutionContext.execute(MavenExecutionContext.java:101)
	at org.eclipse.m2e.core.internal.embedder.MavenImpl.execute(MavenImpl.java:1374)
	at org.eclipse.m2e.jdt.internal.DownloadSourcesJob.run(DownloadSourcesJob.java:161)
	at org.eclipse.core.internal.jobs.Worker.run(Worker.java:63)
2022-07-28 12:33:14,790 [Worker-25: Building] INFO  o.e.m.c.i.l.LifecycleMappingFactory - Using org.eclipse.m2e.jdt.JarLifecycleMapping lifecycle mapping for MavenProject: com.jocata:HMRSDataLoader:0.0.1-SNAPSHOT @ C:\Users\dell\OneDrive\Desktop\New folder\HMRSDataLoader\pom.xml.
2022-07-28 12:33:16,656 [Worker-25: Building] WARN  o.e.m.c.i.embedder.EclipseLogger - The POM for com.jocata:HRMSCommonUtils:jar:0.0.1-SNAPSHOT is missing, no dependency information available
2022-07-28 12:33:19,121 [Worker-25: Building] INFO  o.e.m.c.i.embedder.EclipseLogger - Using 'UTF-8' encoding to copy filtered resources.
2022-07-28 12:33:19,121 [Worker-25: Building] INFO  o.e.m.c.i.embedder.EclipseLogger - Using 'UTF-8' encoding to copy filtered properties files.
2022-07-28 12:33:19,124 [Worker-25: Building] INFO  o.e.m.c.i.embedder.EclipseLogger - Copying 1 resource
2022-07-28 12:33:19,129 [Worker-25: Building] INFO  o.e.m.c.i.embedder.EclipseLogger - Copying 0 resource
2022-07-28 12:33:19,136 [Worker-25: Building] INFO  o.e.m.c.i.embedder.EclipseLogger - Using 'UTF-8' encoding to copy filtered resources.
2022-07-28 12:33:19,137 [Worker-25: Building] INFO  o.e.m.c.i.embedder.EclipseLogger - Using 'UTF-8' encoding to copy filtered properties files.
2022-07-28 12:33:19,138 [Worker-25: Building] INFO  o.e.m.c.i.embedder.EclipseLogger - skip non existing resourceDirectory C:\Users\dell\OneDrive\Desktop\New folder\HMRSDataLoader\src\test\resources
2022-07-28 12:33:22,586 [Worker-27: Download sources and javadoc] WARN  o.e.m.c.i.embedder.EclipseLogger - The POM for com.jocata:HRMSCommonUtils:jar:0.0.1-SNAPSHOT is missing, no dependency information available
2022-07-28 12:33:22,787 [Worker-30: Updating Maven Dependencies] INFO  o.e.m.c.i.l.LifecycleMappingFactory - Using org.eclipse.m2e.jdt.JarLifecycleMapping lifecycle mapping for MavenProject: com.jocata:HMRSDataLoader:0.0.1-SNAPSHOT @ C:\Users\dell\OneDrive\Desktop\New folder\HMRSDataLoader\pom.xml.
2022-07-28 12:33:23,838 [Worker-27: Download sources and javadoc] ERROR o.e.m.j.internal.DownloadSourcesJob - Could not download sources for com.jocata:HRMSCommonUtils:0.0.1-SNAPSHOT
org.eclipse.core.runtime.CoreException: Could not resolve artifact com.jocata:HRMSCommonUtils:jar:sources:0.0.1-SNAPSHOT
	at org.eclipse.m2e.core.internal.embedder.MavenImpl.lambda$4(MavenImpl.java:804)
	at org.eclipse.m2e.core.internal.embedder.MavenExecutionContext.executeBare(MavenExecutionContext.java:179)
	at org.eclipse.m2e.core.internal.embedder.MavenExecutionContext.execute(MavenExecutionContext.java:114)
	at org.eclipse.m2e.core.internal.embedder.MavenExecutionContext.execute(MavenExecutionContext.java:101)
	at org.eclipse.m2e.core.internal.embedder.MavenImpl.resolve(MavenImpl.java:772)
	at org.eclipse.m2e.core.internal.embedder.MavenImpl.resolve(MavenImpl.java:749)
	at org.eclipse.m2e.jdt.internal.DownloadSourcesJob.download(DownloadSourcesJob.java:330)
	at org.eclipse.m2e.jdt.internal.DownloadSourcesJob.downloadAttachments(DownloadSourcesJob.java:304)
	at org.eclipse.m2e.jdt.internal.DownloadSourcesJob.downloadMaven(DownloadSourcesJob.java:269)
	at org.eclipse.m2e.jdt.internal.DownloadSourcesJob.downloadFilesAndPopulateToUpdate(DownloadSourcesJob.java:233)
	at org.eclipse.m2e.jdt.internal.DownloadSourcesJob.lambda$0(DownloadSourcesJob.java:161)
	at org.eclipse.m2e.core.internal.embedder.MavenExecutionContext.executeBare(MavenExecutionContext.java:179)
	at org.eclipse.m2e.core.internal.embedder.MavenExecutionContext.execute(MavenExecutionContext.java:153)
	at org.eclipse.m2e.core.internal.embedder.MavenExecutionContext.execute(MavenExecutionContext.java:101)
	at org.eclipse.m2e.core.internal.embedder.MavenImpl.execute(MavenImpl.java:1374)
	at org.eclipse.m2e.jdt.internal.DownloadSourcesJob.run(DownloadSourcesJob.java:161)
	at org.eclipse.core.internal.jobs.Worker.run(Worker.java:63)
2022-07-28 12:33:24,373 [Worker-30: Updating Maven Dependencies] WARN  o.e.m.c.i.embedder.EclipseLogger - The POM for com.jocata:HRMSCommonUtils:jar:0.0.1-SNAPSHOT is missing, no dependency information available
2022-07-28 12:33:29,400 [Worker-28: Download sources and javadoc] WARN  o.e.m.c.i.embedder.EclipseLogger - The POM for com.jocata:HRMSCommonUtils:jar:0.0.1-SNAPSHOT is missing, no dependency information available
2022-07-28 12:33:30,343 [Worker-28: Download sources and javadoc] ERROR o.e.m.j.internal.DownloadSourcesJob - Could not download javadoc for com.jocata:HRMSCommonUtils:0.0.1-SNAPSHOT
org.eclipse.core.runtime.CoreException: Could not resolve artifact com.jocata:HRMSCommonUtils:jar:javadoc:0.0.1-SNAPSHOT
	at org.eclipse.m2e.core.internal.embedder.MavenImpl.lambda$4(MavenImpl.java:804)
	at org.eclipse.m2e.core.internal.embedder.MavenExecutionContext.executeBare(MavenExecutionContext.java:179)
	at org.eclipse.m2e.core.internal.embedder.MavenExecutionContext.execute(MavenExecutionContext.java:114)
	at org.eclipse.m2e.core.internal.embedder.MavenExecutionContext.execute(MavenExecutionContext.java:101)
	at org.eclipse.m2e.core.internal.embedder.MavenImpl.resolve(MavenImpl.java:772)
	at org.eclipse.m2e.core.internal.embedder.MavenImpl.resolve(MavenImpl.java:749)
	at org.eclipse.m2e.jdt.internal.DownloadSourcesJob.download(DownloadSourcesJob.java:330)
	at org.eclipse.m2e.jdt.internal.DownloadSourcesJob.downloadAttachments(DownloadSourcesJob.java:316)
	at org.eclipse.m2e.jdt.internal.DownloadSourcesJob.downloadMaven(DownloadSourcesJob.java:269)
	at org.eclipse.m2e.jdt.internal.DownloadSourcesJob.downloadFilesAndPopulateToUpdate(DownloadSourcesJob.java:233)
	at org.eclipse.m2e.jdt.internal.DownloadSourcesJob.lambda$0(DownloadSourcesJob.java:161)
	at org.eclipse.m2e.core.internal.embedder.MavenExecutionContext.executeBare(MavenExecutionContext.java:179)
	at org.eclipse.m2e.core.internal.embedder.MavenExecutionContext.execute(MavenExecutionContext.java:153)
	at org.eclipse.m2e.core.internal.embedder.MavenExecutionContext.execute(MavenExecutionContext.java:101)
	at org.eclipse.m2e.core.internal.embedder.MavenImpl.execute(MavenImpl.java:1374)
	at org.eclipse.m2e.jdt.internal.DownloadSourcesJob.run(DownloadSourcesJob.java:161)
	at org.eclipse.core.internal.jobs.Worker.run(Worker.java:63)
2022-07-28 12:33:30,344 [Worker-3: Building] INFO  o.e.m.c.i.embedder.EclipseLogger - Using 'UTF-8' encoding to copy filtered resources.
2022-07-28 12:33:30,345 [Worker-3: Building] INFO  o.e.m.c.i.embedder.EclipseLogger - Using 'UTF-8' encoding to copy filtered properties files.
2022-07-28 12:33:30,347 [Worker-3: Building] INFO  o.e.m.c.i.embedder.EclipseLogger - Copying 0 resource
2022-07-28 12:33:30,349 [Worker-3: Building] INFO  o.e.m.c.i.embedder.EclipseLogger - Copying 0 resource
2022-07-28 12:33:30,360 [Worker-3: Building] INFO  o.e.m.c.i.embedder.EclipseLogger - Using 'UTF-8' encoding to copy filtered resources.
2022-07-28 12:33:30,361 [Worker-3: Building] INFO  o.e.m.c.i.embedder.EclipseLogger - Using 'UTF-8' encoding to copy filtered properties files.
2022-07-28 12:33:30,362 [Worker-3: Building] INFO  o.e.m.c.i.embedder.EclipseLogger - skip non existing resourceDirectory C:\Users\dell\OneDrive\Desktop\New folder\HMRSDataLoader\src\test\resources
2022-07-28 12:35:27,874 [Worker-33: Building] INFO  o.e.m.c.i.l.LifecycleMappingFactory - Using org.eclipse.m2e.jdt.JarLifecycleMapping lifecycle mapping for MavenProject: com.jocata:HRMSCommonUtils:0.0.1-SNAPSHOT @ C:\Users\dell\OneDrive\Desktop\New folder\HMRSCommonUtils\HMRSCommonUtils\pom.xml.
2022-07-28 12:35:31,432 [Worker-33: Building] INFO  o.e.m.c.i.embedder.EclipseLogger - Using 'UTF-8' encoding to copy filtered resources.
2022-07-28 12:35:31,433 [Worker-33: Building] INFO  o.e.m.c.i.embedder.EclipseLogger - Using 'UTF-8' encoding to copy filtered properties files.
2022-07-28 12:35:31,435 [Worker-33: Building] INFO  o.e.m.c.i.embedder.EclipseLogger - Copying 1 resource
2022-07-28 12:35:31,493 [Worker-33: Building] INFO  o.e.m.c.i.embedder.EclipseLogger - Copying 0 resource
2022-07-28 12:35:31,507 [Worker-33: Building] INFO  o.e.m.c.i.embedder.EclipseLogger - Using 'UTF-8' encoding to copy filtered resources.
2022-07-28 12:35:31,518 [Worker-33: Building] INFO  o.e.m.c.i.embedder.EclipseLogger - Using 'UTF-8' encoding to copy filtered properties files.
2022-07-28 12:35:31,519 [Worker-33: Building] INFO  o.e.m.c.i.embedder.EclipseLogger - skip non existing resourceDirectory C:\Users\dell\OneDrive\Desktop\New folder\HMRSCommonUtils\HMRSCommonUtils\src\test\resources
2022-07-28 12:35:33,940 [Worker-34: Updating Maven Dependencies] INFO  o.e.m.c.i.l.LifecycleMappingFactory - Using org.eclipse.m2e.jdt.JarLifecycleMapping lifecycle mapping for MavenProject: com.jocata:HRMSCommonUtils:0.0.1-SNAPSHOT @ C:\Users\dell\OneDrive\Desktop\New folder\HMRSCommonUtils\HMRSCommonUtils\pom.xml.
2022-07-28 12:35:41,246 [Worker-28: Building] INFO  o.e.m.c.i.embedder.EclipseLogger - Using 'UTF-8' encoding to copy filtered resources.
2022-07-28 12:35:41,246 [Worker-28: Building] INFO  o.e.m.c.i.embedder.EclipseLogger - Using 'UTF-8' encoding to copy filtered properties files.
2022-07-28 12:35:41,248 [Worker-28: Building] INFO  o.e.m.c.i.embedder.EclipseLogger - Copying 0 resource
2022-07-28 12:35:41,249 [Worker-28: Building] INFO  o.e.m.c.i.embedder.EclipseLogger - Copying 0 resource
2022-07-28 12:35:41,264 [Worker-28: Building] INFO  o.e.m.c.i.embedder.EclipseLogger - Using 'UTF-8' encoding to copy filtered resources.
2022-07-28 12:35:41,266 [Worker-28: Building] INFO  o.e.m.c.i.embedder.EclipseLogger - Using 'UTF-8' encoding to copy filtered properties files.
2022-07-28 12:35:41,267 [Worker-28: Building] INFO  o.e.m.c.i.embedder.EclipseLogger - skip non existing resourceDirectory C:\Users\dell\OneDrive\Desktop\New folder\HMRSCommonUtils\HMRSCommonUtils\src\test\resources
2022-07-28 12:35:52,570 [Worker-37: Building] INFO  o.e.m.c.i.l.LifecycleMappingFactory - Using org.eclipse.m2e.jdt.JarLifecycleMapping lifecycle mapping for MavenProject: com.jocata:HMRSController:0.0.1-SNAPSHOT @ C:\Users\dell\OneDrive\Desktop\New folder\HMRSController\pom.xml.
2022-07-28 12:35:54,630 [Worker-37: Building] INFO  o.e.m.c.i.p.WorkspaceClassifierResolverManager - Resolving P/HRMSCommonUtils: com.jocata:HRMSCommonUtils:0.0.1-SNAPSHOT with classifier  to /HRMSCommonUtils/target/classes
2022-07-28 12:35:54,631 [Worker-37: Building] INFO  o.e.m.c.i.p.WorkspaceClassifierResolverManager - Resolving P/HMRSDataLoader: com.jocata:HMRSDataLoader:0.0.1-SNAPSHOT with classifier  to /HMRSDataLoader/target/classes
2022-07-28 12:35:56,352 [Worker-37: Building] INFO  o.e.m.c.i.embedder.EclipseLogger - Using 'UTF-8' encoding to copy filtered resources.
2022-07-28 12:35:56,352 [Worker-37: Building] INFO  o.e.m.c.i.embedder.EclipseLogger - Using 'UTF-8' encoding to copy filtered properties files.
2022-07-28 12:35:56,354 [Worker-37: Building] INFO  o.e.m.c.i.embedder.EclipseLogger - Copying 1 resource
2022-07-28 12:35:56,387 [Worker-37: Building] INFO  o.e.m.c.i.embedder.EclipseLogger - Copying 0 resource
2022-07-28 12:35:56,394 [Worker-37: Building] INFO  o.e.m.c.i.embedder.EclipseLogger - Using 'UTF-8' encoding to copy filtered resources.
2022-07-28 12:35:56,394 [Worker-37: Building] INFO  o.e.m.c.i.embedder.EclipseLogger - Using 'UTF-8' encoding to copy filtered properties files.
2022-07-28 12:35:56,395 [Worker-37: Building] INFO  o.e.m.c.i.embedder.EclipseLogger - skip non existing resourceDirectory C:\Users\dell\OneDrive\Desktop\New folder\HMRSController\src\test\resources
2022-07-28 12:36:00,125 [Worker-34: Updating Maven Dependencies] INFO  o.e.m.c.i.l.LifecycleMappingFactory - Using org.eclipse.m2e.jdt.JarLifecycleMapping lifecycle mapping for MavenProject: com.jocata:HMRSController:0.0.1-SNAPSHOT @ C:\Users\dell\OneDrive\Desktop\New folder\HMRSController\pom.xml.
2022-07-28 12:36:02,607 [Worker-34: Updating Maven Dependencies] INFO  o.e.m.c.i.p.WorkspaceClassifierResolverManager - Resolving P/HRMSCommonUtils: com.jocata:HRMSCommonUtils:0.0.1-SNAPSHOT with classifier  to /HRMSCommonUtils/target/classes
2022-07-28 12:36:02,608 [Worker-34: Updating Maven Dependencies] INFO  o.e.m.c.i.p.WorkspaceClassifierResolverManager - Resolving P/HMRSDataLoader: com.jocata:HMRSDataLoader:0.0.1-SNAPSHOT with classifier  to /HMRSDataLoader/target/classes
2022-07-28 12:36:04,624 [main] INFO  o.e.m2e.actions.ExecutePomAction - Creating new launch configuration
2022-07-28 12:36:05,720 [Worker-28: Building] INFO  o.e.m.c.i.p.WorkspaceClassifierResolverManager - Resolving P/HRMSCommonUtils: com.jocata:HRMSCommonUtils:0.0.1-SNAPSHOT with classifier  to /HRMSCommonUtils/target/classes
2022-07-28 12:36:05,721 [Worker-28: Building] INFO  o.e.m.c.i.p.WorkspaceClassifierResolverManager - Resolving P/HMRSDataLoader: com.jocata:HMRSDataLoader:0.0.1-SNAPSHOT with classifier  to /HMRSDataLoader/target/classes
2022-07-28 12:36:05,759 [Worker-28: Building] INFO  o.e.m.c.i.embedder.EclipseLogger - Using 'UTF-8' encoding to copy filtered resources.
2022-07-28 12:36:05,759 [Worker-28: Building] INFO  o.e.m.c.i.embedder.EclipseLogger - Using 'UTF-8' encoding to copy filtered properties files.
2022-07-28 12:36:05,761 [Worker-28: Building] INFO  o.e.m.c.i.embedder.EclipseLogger - Copying 0 resource
2022-07-28 12:36:05,762 [Worker-28: Building] INFO  o.e.m.c.i.embedder.EclipseLogger - Copying 0 resource
2022-07-28 12:36:05,766 [Worker-28: Building] INFO  o.e.m.c.i.embedder.EclipseLogger - Using 'UTF-8' encoding to copy filtered resources.
2022-07-28 12:36:05,766 [Worker-28: Building] INFO  o.e.m.c.i.embedder.EclipseLogger - Using 'UTF-8' encoding to copy filtered properties files.
2022-07-28 12:36:05,767 [Worker-28: Building] INFO  o.e.m.c.i.embedder.EclipseLogger - skip non existing resourceDirectory C:\Users\dell\OneDrive\Desktop\New folder\HMRSController\src\test\resources
2022-07-28 12:36:21,966 [Worker-28: Launching HMRSDataLoader] INFO  o.e.m.i.launch.MavenLaunchDelegate - C:\Users\dell\OneDrive\Desktop\New folder\HMRSDataLoader
2022-07-28 12:36:21,969 [Worker-28: Launching HMRSDataLoader] INFO  o.e.m.i.launch.MavenLaunchDelegate -  mvn -B -Dmaven.test.skip=true -DskipTests clean install package
2022-07-28 12:37:19,129 [main] INFO  o.e.m2e.actions.ExecutePomAction - Creating new launch configuration
2022-07-28 12:37:26,370 [Worker-36: Launching HMRSCommonUtils] INFO  o.e.m.i.launch.MavenLaunchDelegate - C:\Users\dell\OneDrive\Desktop\New folder\HMRSCommonUtils\HMRSCommonUtils
2022-07-28 12:37:26,370 [Worker-36: Launching HMRSCommonUtils] INFO  o.e.m.i.launch.MavenLaunchDelegate -  mvn -B -Dmaven.test.skip=true -DskipTests clean install package
2022-07-28 12:40:09,140 [Worker-38: Launching HMRSDataLoader] INFO  o.e.m.i.launch.MavenLaunchDelegate - C:\Users\dell\OneDrive\Desktop\New folder\HMRSDataLoader
2022-07-28 12:40:09,142 [Worker-38: Launching HMRSDataLoader] INFO  o.e.m.i.launch.MavenLaunchDelegate -  mvn -B -Dmaven.test.skip=true -DskipTests clean install package
2022-07-28 12:40:54,556 [main] INFO  o.e.m2e.actions.ExecutePomAction - Creating new launch configuration
2022-07-28 12:41:00,426 [Worker-38: Launching HMRSController] INFO  o.e.m.i.launch.MavenLaunchDelegate - C:\Users\dell\OneDrive\Desktop\New folder\HMRSController
2022-07-28 12:41:00,427 [Worker-38: Launching HMRSController] INFO  o.e.m.i.launch.MavenLaunchDelegate -  mvn -B -Dmaven.test.skip=true -DskipTests clean install package
2022-07-28 12:42:01,529 [Worker-38: Launching HMRSController - HmrsControllerApplication] INFO  o.e.m.c.i.p.WorkspaceClassifierResolverManager - Resolving P/HRMSCommonUtils: com.jocata:HRMSCommonUtils:0.0.1-SNAPSHOT with classifier null to /HRMSCommonUtils/target/classes
2022-07-28 12:42:01,530 [Worker-38: Launching HMRSController - HmrsControllerApplication] INFO  o.e.m.c.i.p.WorkspaceClassifierResolverManager - Resolving P/HMRSDataLoader: com.jocata:HMRSDataLoader:0.0.1-SNAPSHOT with classifier null to /HMRSDataLoader/target/classes
2022-07-28 12:42:03,441 [Worker-38: Launching HMRSController - HmrsControllerApplication] INFO  o.e.m.c.i.p.WorkspaceClassifierResolverManager - Resolving P/HRMSCommonUtils: com.jocata:HRMSCommonUtils:0.0.1-SNAPSHOT with classifier null to /HRMSCommonUtils/target/classes
2022-07-28 12:42:03,442 [Worker-38: Launching HMRSController - HmrsControllerApplication] INFO  o.e.m.c.i.p.WorkspaceClassifierResolverManager - Resolving P/HMRSDataLoader: com.jocata:HMRSDataLoader:0.0.1-SNAPSHOT with classifier null to /HMRSDataLoader/target/classes
2022-07-28 12:42:04,676 [Worker-38: Launching HMRSController - HmrsControllerApplication] INFO  o.e.m.c.i.p.WorkspaceClassifierResolverManager - Resolving P/HRMSCommonUtils: com.jocata:HRMSCommonUtils:0.0.1-SNAPSHOT with classifier null to /HRMSCommonUtils/target/classes
2022-07-28 12:42:04,677 [Worker-38: Launching HMRSController - HmrsControllerApplication] INFO  o.e.m.c.i.p.WorkspaceClassifierResolverManager - Resolving P/HMRSDataLoader: com.jocata:HMRSDataLoader:0.0.1-SNAPSHOT with classifier null to /HMRSDataLoader/target/classes
2022-07-28 12:49:55,675 [Worker-38: Launching HMRSController - HmrsControllerApplication] INFO  o.e.m.c.i.p.WorkspaceClassifierResolverManager - Resolving P/HRMSCommonUtils: com.jocata:HRMSCommonUtils:0.0.1-SNAPSHOT with classifier null to /HRMSCommonUtils/target/classes
2022-07-28 12:49:55,676 [Worker-38: Launching HMRSController - HmrsControllerApplication] INFO  o.e.m.c.i.p.WorkspaceClassifierResolverManager - Resolving P/HMRSDataLoader: com.jocata:HMRSDataLoader:0.0.1-SNAPSHOT with classifier null to /HMRSDataLoader/target/classes
2022-07-28 12:49:58,118 [Worker-38: Launching HMRSController - HmrsControllerApplication] INFO  o.e.m.c.i.p.WorkspaceClassifierResolverManager - Resolving P/HRMSCommonUtils: com.jocata:HRMSCommonUtils:0.0.1-SNAPSHOT with classifier null to /HRMSCommonUtils/target/classes
2022-07-28 12:49:58,119 [Worker-38: Launching HMRSController - HmrsControllerApplication] INFO  o.e.m.c.i.p.WorkspaceClassifierResolverManager - Resolving P/HMRSDataLoader: com.jocata:HMRSDataLoader:0.0.1-SNAPSHOT with classifier null to /HMRSDataLoader/target/classes
2022-07-28 12:49:59,510 [Worker-38: Launching HMRSController - HmrsControllerApplication] INFO  o.e.m.c.i.p.WorkspaceClassifierResolverManager - Resolving P/HRMSCommonUtils: com.jocata:HRMSCommonUtils:0.0.1-SNAPSHOT with classifier null to /HRMSCommonUtils/target/classes
2022-07-28 12:49:59,510 [Worker-38: Launching HMRSController - HmrsControllerApplication] INFO  o.e.m.c.i.p.WorkspaceClassifierResolverManager - Resolving P/HMRSDataLoader: com.jocata:HMRSDataLoader:0.0.1-SNAPSHOT with classifier null to /HMRSDataLoader/target/classes
2022-07-28 12:57:17,080 [Worker-47: Building] INFO  o.e.m.c.i.embedder.EclipseLogger - Using 'UTF-8' encoding to copy filtered resources.
2022-07-28 12:57:17,081 [Worker-47: Building] INFO  o.e.m.c.i.embedder.EclipseLogger - Using 'UTF-8' encoding to copy filtered properties files.
2022-07-28 12:57:17,083 [Worker-47: Building] INFO  o.e.m.c.i.embedder.EclipseLogger - Copying 0 resource
2022-07-28 12:57:17,085 [Worker-47: Building] INFO  o.e.m.c.i.embedder.EclipseLogger - Copying 0 resource
2022-07-28 12:57:17,092 [Worker-47: Building] INFO  o.e.m.c.i.embedder.EclipseLogger - Using 'UTF-8' encoding to copy filtered resources.
2022-07-28 12:57:17,092 [Worker-47: Building] INFO  o.e.m.c.i.embedder.EclipseLogger - Using 'UTF-8' encoding to copy filtered properties files.
2022-07-28 12:57:17,093 [Worker-47: Building] INFO  o.e.m.c.i.embedder.EclipseLogger - skip non existing resourceDirectory C:\Users\dell\OneDrive\Desktop\New folder\HMRSController\src\test\resources
2022-07-28 12:57:18,422 [Worker-47: Building] INFO  o.e.m.c.i.embedder.EclipseLogger - Using 'UTF-8' encoding to copy filtered resources.
2022-07-28 12:57:18,423 [Worker-47: Building] INFO  o.e.m.c.i.embedder.EclipseLogger - Using 'UTF-8' encoding to copy filtered properties files.
2022-07-28 12:57:18,435 [Worker-47: Building] INFO  o.e.m.c.i.embedder.EclipseLogger - Copying 1 resource
2022-07-28 12:57:18,447 [Worker-47: Building] INFO  o.e.m.c.i.embedder.EclipseLogger - Copying 0 resource
2022-07-28 12:57:18,458 [Worker-47: Building] INFO  o.e.m.c.i.embedder.EclipseLogger - Using 'UTF-8' encoding to copy filtered resources.
2022-07-28 12:57:18,458 [Worker-47: Building] INFO  o.e.m.c.i.embedder.EclipseLogger - Using 'UTF-8' encoding to copy filtered properties files.
2022-07-28 12:57:18,459 [Worker-47: Building] INFO  o.e.m.c.i.embedder.EclipseLogger - skip non existing resourceDirectory C:\Users\dell\OneDrive\Desktop\New folder\HMRSDataLoader\src\test\resources
2022-07-28 12:57:19,435 [Worker-47: Building] INFO  o.e.m.c.i.embedder.EclipseLogger - Using 'UTF-8' encoding to copy filtered resources.
2022-07-28 12:57:19,436 [Worker-47: Building] INFO  o.e.m.c.i.embedder.EclipseLogger - Using 'UTF-8' encoding to copy filtered properties files.
2022-07-28 12:57:19,441 [Worker-47: Building] INFO  o.e.m.c.i.embedder.EclipseLogger - Copying 1 resource
2022-07-28 12:57:19,455 [Worker-47: Building] INFO  o.e.m.c.i.embedder.EclipseLogger - Copying 0 resource
2022-07-28 12:57:19,463 [Worker-47: Building] INFO  o.e.m.c.i.embedder.EclipseLogger - Using 'UTF-8' encoding to copy filtered resources.
2022-07-28 12:57:19,464 [Worker-47: Building] INFO  o.e.m.c.i.embedder.EclipseLogger - Using 'UTF-8' encoding to copy filtered properties files.
2022-07-28 12:57:19,464 [Worker-47: Building] INFO  o.e.m.c.i.embedder.EclipseLogger - skip non existing resourceDirectory C:\Users\dell\OneDrive\Desktop\New folder\HMRSCommonUtils\HMRSCommonUtils\src\test\resources
2022-07-28 12:57:21,609 [Worker-49: Building] INFO  o.e.m.c.i.embedder.EclipseLogger - Using 'UTF-8' encoding to copy filtered resources.
2022-07-28 12:57:21,610 [Worker-49: Building] INFO  o.e.m.c.i.embedder.EclipseLogger - Using 'UTF-8' encoding to copy filtered properties files.
2022-07-28 12:57:21,617 [Worker-49: Building] INFO  o.e.m.c.i.embedder.EclipseLogger - Copying 1 resource
2022-07-28 12:57:21,634 [Worker-49: Building] INFO  o.e.m.c.i.embedder.EclipseLogger - Copying 0 resource
2022-07-28 12:57:21,645 [Worker-49: Building] INFO  o.e.m.c.i.embedder.EclipseLogger - Using 'UTF-8' encoding to copy filtered resources.
2022-07-28 12:57:21,645 [Worker-49: Building] INFO  o.e.m.c.i.embedder.EclipseLogger - Using 'UTF-8' encoding to copy filtered properties files.
2022-07-28 12:57:21,645 [Worker-49: Building] INFO  o.e.m.c.i.embedder.EclipseLogger - skip non existing resourceDirectory C:\Users\dell\OneDrive\Desktop\New folder\HMRSController\src\test\resources
2022-07-28 15:04:26,875 [Worker-1: Loading available Gradle versions] INFO  o.e.b.c.i.u.g.PublishedGradleVersions - Gradle version information cache is up-to-date. Trying to read.
2022-07-28 15:04:35,129 [Worker-8: Building] INFO  o.e.m.c.i.p.WorkspaceClassifierResolverManager - Resolving P/HRMSCommonUtils: com.jocata:HRMSCommonUtils:0.0.1-SNAPSHOT with classifier  to /HRMSCommonUtils/target/classes
2022-07-28 15:04:36,175 [Worker-8: Building] INFO  o.e.m.c.i.embedder.EclipseLogger - Using 'UTF-8' encoding to copy filtered resources.
2022-07-28 15:04:36,175 [Worker-8: Building] INFO  o.e.m.c.i.embedder.EclipseLogger - Using 'UTF-8' encoding to copy filtered properties files.
2022-07-28 15:04:36,183 [Worker-8: Building] INFO  o.e.m.c.i.embedder.EclipseLogger - Copying 1 resource
2022-07-28 15:04:36,232 [Worker-8: Building] INFO  o.e.m.c.i.embedder.EclipseLogger - Copying 0 resource
2022-07-28 15:04:36,240 [Worker-8: Building] INFO  o.e.m.c.i.embedder.EclipseLogger - Using 'UTF-8' encoding to copy filtered resources.
2022-07-28 15:04:36,240 [Worker-8: Building] INFO  o.e.m.c.i.embedder.EclipseLogger - Using 'UTF-8' encoding to copy filtered properties files.
2022-07-28 15:04:36,241 [Worker-8: Building] INFO  o.e.m.c.i.embedder.EclipseLogger - skip non existing resourceDirectory C:\Users\dell\OneDrive\Desktop\New folder\HMRSDataLoader\src\test\resources
2022-07-28 15:04:38,280 [Worker-8: Building] INFO  o.e.m.c.i.embedder.EclipseLogger - Using 'UTF-8' encoding to copy filtered resources.
2022-07-28 15:04:38,281 [Worker-8: Building] INFO  o.e.m.c.i.embedder.EclipseLogger - Using 'UTF-8' encoding to copy filtered properties files.
2022-07-28 15:04:38,282 [Worker-8: Building] INFO  o.e.m.c.i.embedder.EclipseLogger - Copying 1 resource
2022-07-28 15:04:38,314 [Worker-8: Building] INFO  o.e.m.c.i.embedder.EclipseLogger - Copying 0 resource
2022-07-28 15:04:38,320 [Worker-8: Building] INFO  o.e.m.c.i.embedder.EclipseLogger - Using 'UTF-8' encoding to copy filtered resources.
2022-07-28 15:04:38,320 [Worker-8: Building] INFO  o.e.m.c.i.embedder.EclipseLogger - Using 'UTF-8' encoding to copy filtered properties files.
2022-07-28 15:04:38,320 [Worker-8: Building] INFO  o.e.m.c.i.embedder.EclipseLogger - skip non existing resourceDirectory C:\Users\dell\OneDrive\Desktop\New folder\HMRSCommonUtils\HMRSCommonUtils\src\test\resources
2022-07-28 15:04:40,240 [Worker-8: Building] INFO  o.e.m.c.i.p.WorkspaceClassifierResolverManager - Resolving P/HRMSCommonUtils: com.jocata:HRMSCommonUtils:0.0.1-SNAPSHOT with classifier  to /HRMSCommonUtils/target/classes
2022-07-28 15:04:40,244 [Worker-8: Building] INFO  o.e.m.c.i.p.WorkspaceClassifierResolverManager - Resolving P/HMRSDataLoader: com.jocata:HMRSDataLoader:0.0.1-SNAPSHOT with classifier  to /HMRSDataLoader/target/classes
2022-07-28 15:04:40,282 [Worker-8: Building] INFO  o.e.m.c.i.embedder.EclipseLogger - Using 'UTF-8' encoding to copy filtered resources.
2022-07-28 15:04:40,282 [Worker-8: Building] INFO  o.e.m.c.i.embedder.EclipseLogger - Using 'UTF-8' encoding to copy filtered properties files.
2022-07-28 15:04:40,284 [Worker-8: Building] INFO  o.e.m.c.i.embedder.EclipseLogger - Copying 1 resource
2022-07-28 15:04:40,417 [Worker-8: Building] INFO  o.e.m.c.i.embedder.EclipseLogger - Copying 0 resource
2022-07-28 15:04:40,423 [Worker-8: Building] INFO  o.e.m.c.i.embedder.EclipseLogger - Using 'UTF-8' encoding to copy filtered resources.
2022-07-28 15:04:40,423 [Worker-8: Building] INFO  o.e.m.c.i.embedder.EclipseLogger - Using 'UTF-8' encoding to copy filtered properties files.
2022-07-28 15:04:40,424 [Worker-8: Building] INFO  o.e.m.c.i.embedder.EclipseLogger - skip non existing resourceDirectory C:\Users\dell\OneDrive\Desktop\New folder\HMRSController\src\test\resources
2022-07-28 15:04:49,086 [Worker-8: Launching HMRSController - HmrsControllerApplication] INFO  o.e.m.c.i.p.WorkspaceClassifierResolverManager - Resolving P/HRMSCommonUtils: com.jocata:HRMSCommonUtils:0.0.1-SNAPSHOT with classifier null to /HRMSCommonUtils/target/classes
2022-07-28 15:04:49,090 [Worker-8: Launching HMRSController - HmrsControllerApplication] INFO  o.e.m.c.i.p.WorkspaceClassifierResolverManager - Resolving P/HMRSDataLoader: com.jocata:HMRSDataLoader:0.0.1-SNAPSHOT with classifier null to /HMRSDataLoader/target/classes
2022-07-28 15:04:50,396 [Worker-8: Launching HMRSController - HmrsControllerApplication] INFO  o.e.m.c.i.p.WorkspaceClassifierResolverManager - Resolving P/HRMSCommonUtils: com.jocata:HRMSCommonUtils:0.0.1-SNAPSHOT with classifier null to /HRMSCommonUtils/target/classes
2022-07-28 15:04:50,397 [Worker-8: Launching HMRSController - HmrsControllerApplication] INFO  o.e.m.c.i.p.WorkspaceClassifierResolverManager - Resolving P/HMRSDataLoader: com.jocata:HMRSDataLoader:0.0.1-SNAPSHOT with classifier null to /HMRSDataLoader/target/classes
2022-07-28 15:04:51,355 [Worker-8: Launching HMRSController - HmrsControllerApplication] INFO  o.e.m.c.i.p.WorkspaceClassifierResolverManager - Resolving P/HRMSCommonUtils: com.jocata:HRMSCommonUtils:0.0.1-SNAPSHOT with classifier null to /HRMSCommonUtils/target/classes
2022-07-28 15:04:51,356 [Worker-8: Launching HMRSController - HmrsControllerApplication] INFO  o.e.m.c.i.p.WorkspaceClassifierResolverManager - Resolving P/HMRSDataLoader: com.jocata:HMRSDataLoader:0.0.1-SNAPSHOT with classifier null to /HMRSDataLoader/target/classes
2022-07-29 11:53:36,153 [Worker-0: Loading available Gradle versions] INFO  o.e.b.c.i.u.g.PublishedGradleVersions - Gradle version information cache is out-of-date. Trying to update.
2022-07-29 11:54:04,057 [Worker-20: Check for devtools] INFO  o.e.m.c.i.p.WorkspaceClassifierResolverManager - Resolving P/HRMSCommonUtils: com.jocata:HRMSCommonUtils:0.0.1-SNAPSHOT with classifier  to /HRMSCommonUtils/target/classes
2022-07-29 11:54:04,062 [Worker-20: Check for devtools] INFO  o.e.m.c.i.p.WorkspaceClassifierResolverManager - Resolving P/HMRSDataLoader: com.jocata:HMRSDataLoader:0.0.1-SNAPSHOT with classifier  to /HMRSDataLoader/target/classes
2022-07-29 11:54:15,201 [Worker-7: Launching HMRSController - HrmsControllerApplication] INFO  o.e.m.c.i.p.WorkspaceClassifierResolverManager - Resolving P/HRMSCommonUtils: com.jocata:HRMSCommonUtils:0.0.1-SNAPSHOT with classifier  to /HRMSCommonUtils/target/classes
2022-07-29 11:54:15,580 [Worker-7: Launching HMRSController - HrmsControllerApplication] INFO  o.e.m.c.i.p.WorkspaceClassifierResolverManager - Resolving P/HRMSCommonUtils: com.jocata:HRMSCommonUtils:0.0.1-SNAPSHOT with classifier null to /HRMSCommonUtils/target/classes
2022-07-29 11:54:15,581 [Worker-7: Launching HMRSController - HrmsControllerApplication] INFO  o.e.m.c.i.p.WorkspaceClassifierResolverManager - Resolving P/HMRSDataLoader: com.jocata:HMRSDataLoader:0.0.1-SNAPSHOT with classifier null to /HMRSDataLoader/target/classes
2022-07-29 11:54:16,670 [Worker-7: Launching HMRSController - HrmsControllerApplication] INFO  o.e.m.c.i.p.WorkspaceClassifierResolverManager - Resolving P/HRMSCommonUtils: com.jocata:HRMSCommonUtils:0.0.1-SNAPSHOT with classifier null to /HRMSCommonUtils/target/classes
2022-07-29 11:54:16,670 [Worker-7: Launching HMRSController - HrmsControllerApplication] INFO  o.e.m.c.i.p.WorkspaceClassifierResolverManager - Resolving P/HMRSDataLoader: com.jocata:HMRSDataLoader:0.0.1-SNAPSHOT with classifier null to /HMRSDataLoader/target/classes
2022-07-29 11:54:18,163 [Worker-7: Launching HMRSController - HrmsControllerApplication] INFO  o.e.m.c.i.p.WorkspaceClassifierResolverManager - Resolving P/HRMSCommonUtils: com.jocata:HRMSCommonUtils:0.0.1-SNAPSHOT with classifier null to /HRMSCommonUtils/target/classes
2022-07-29 11:54:18,164 [Worker-7: Launching HMRSController - HrmsControllerApplication] INFO  o.e.m.c.i.p.WorkspaceClassifierResolverManager - Resolving P/HMRSDataLoader: com.jocata:HMRSDataLoader:0.0.1-SNAPSHOT with classifier null to /HMRSDataLoader/target/classes
